c:\users\david awogbemila\dev_mode\hazel\bin-int\debug-windows-x86_64\hazel\hazel.pch
c:\users\david awogbemila\dev_mode\hazel\bin-int\debug-windows-x86_64\hazel\vc141.pdb
c:\users\david awogbemila\dev_mode\hazel\bin-int\debug-windows-x86_64\hazel\vc141.idb
c:\users\david awogbemila\dev_mode\hazel\bin-int\debug-windows-x86_64\hazel\hzpch.obj
c:\users\david awogbemila\dev_mode\hazel\bin-int\debug-windows-x86_64\hazel\windowswindow.obj
c:\users\david awogbemila\dev_mode\hazel\bin-int\debug-windows-x86_64\hazel\log.obj
c:\users\david awogbemila\dev_mode\hazel\bin-int\debug-windows-x86_64\hazel\application.obj
c:\users\david awogbemila\dev_mode\hazel\bin\debug-windows-x86_64\hazel\hazel.lib
c:\users\david awogbemila\dev_mode\hazel\bin\debug-windows-x86_64\hazel\hazel.exp
c:\users\david awogbemila\dev_mode\hazel\bin\debug-windows-x86_64\hazel\hazel.dll
c:\users\david awogbemila\dev_mode\hazel\bin\debug-windows-x86_64\hazel\hazel.ilk
c:\users\david awogbemila\dev_mode\hazel\bin\debug-windows-x86_64\hazel\hazel.pdb
c:\users\david awogbemila\dev_mode\hazel\hazel\..\bin\debug-windows-x86_64\hazel\hazel.dll
c:\users\david awogbemila\dev_mode\hazel\bin-int\debug-windows-x86_64\hazel\hazel.tlog\cl.command.1.tlog
c:\users\david awogbemila\dev_mode\hazel\bin-int\debug-windows-x86_64\hazel\hazel.tlog\cl.read.1.tlog
c:\users\david awogbemila\dev_mode\hazel\bin-int\debug-windows-x86_64\hazel\hazel.tlog\cl.write.1.tlog
c:\users\david awogbemila\dev_mode\hazel\bin-int\debug-windows-x86_64\hazel\hazel.tlog\hazel.write.1u.tlog
c:\users\david awogbemila\dev_mode\hazel\bin-int\debug-windows-x86_64\hazel\hazel.tlog\link.command.1.tlog
c:\users\david awogbemila\dev_mode\hazel\bin-int\debug-windows-x86_64\hazel\hazel.tlog\link.read.1.tlog
c:\users\david awogbemila\dev_mode\hazel\bin-int\debug-windows-x86_64\hazel\hazel.tlog\link.write.1.tlog
