c:\users\david awogbemila\dev_mode\hazel\bin-int\debug-x64\hazel\vc141.pdb
c:\users\david awogbemila\dev_mode\hazel\bin-int\debug-x64\hazel\vc141.idb
c:\users\david awogbemila\dev_mode\hazel\bin-int\debug-x64\hazel\application.obj
c:\users\david awogbemila\dev_mode\hazel\bin-int\debug-x64\hazel\log.obj
c:\users\david awogbemila\dev_mode\hazel\bin\debug-x64\hazel\hazel.lib
c:\users\david awogbemila\dev_mode\hazel\bin\debug-x64\hazel\hazel.exp
c:\users\david awogbemila\dev_mode\hazel\bin\debug-x64\hazel\hazel.dll
c:\users\david awogbemila\dev_mode\hazel\bin\debug-x64\hazel\hazel.ilk
c:\users\david awogbemila\dev_mode\hazel\bin\debug-x64\hazel\hazel.pdb
c:\users\david awogbemila\dev_mode\hazel\bin-int\debug-x64\hazel\hazel.tlog\cl.command.1.tlog
c:\users\david awogbemila\dev_mode\hazel\bin-int\debug-x64\hazel\hazel.tlog\cl.read.1.tlog
c:\users\david awogbemila\dev_mode\hazel\bin-int\debug-x64\hazel\hazel.tlog\cl.write.1.tlog
c:\users\david awogbemila\dev_mode\hazel\bin-int\debug-x64\hazel\hazel.tlog\hazel.write.1u.tlog
c:\users\david awogbemila\dev_mode\hazel\bin-int\debug-x64\hazel\hazel.tlog\link.50752.delete.1.tlog
c:\users\david awogbemila\dev_mode\hazel\bin-int\debug-x64\hazel\hazel.tlog\link.command.1.tlog
c:\users\david awogbemila\dev_mode\hazel\bin-int\debug-x64\hazel\hazel.tlog\link.delete.1.tlog
c:\users\david awogbemila\dev_mode\hazel\bin-int\debug-x64\hazel\hazel.tlog\link.read.1.tlog
c:\users\david awogbemila\dev_mode\hazel\bin-int\debug-x64\hazel\hazel.tlog\link.write.1.tlog
c:\users\david awogbemila\dev_mode\hazel\bin-int\debug-x64\hazel\hazel.tlog\metagen.read.1.tlog
c:\users\david awogbemila\dev_mode\hazel\bin-int\debug-x64\hazel\hazel.tlog\metagen.write.1.tlog
